[11] handle 1 Joined
[11] handle_crash_new_membership_set: 0 
[11] handle_join_new_slaves: 
[11] handle_join_new_masters: 
[3271] handle 2 Joined
[3271] handle_crash_new_membership_set: 0 1 
[3271] handle_join_new_slaves: 1 
[3271] handle_join_new_masters: 1 
[5929] handle 3 Joined
[5930] handle_crash_new_membership_set: 0 1 2 
[5930] handle_join_new_slaves: 1 2 
[5930] handle_join_new_masters: 1 2 
[14916] handle 4 Joined
[14916] handle_crash_new_membership_set: 0 1 2 3 
[14916] handle_join_new_slaves: 1 2 3 
[14916] handle_join_new_masters: 1 2 3 
[21188] handle 5 Joined
[21188] handle_crash_new_membership_set: 0 1 2 3 4 
[21188] handle_join_new_slaves: 1 2 3 4 
[21188] handle_join_new_masters: 1 2 3 4 
[40065] handle 4 Crasehed
[40066] handle_crash_new_membership_set: 0 1 2 4 
[40066] handle_crash_delta_slaves: 
